2018-08-08 12:43:55.101 [localhost-startStop-1] WARN  com.netflix.config.sources.URLConfigurationSource - No URLs will be polled as dynamic configuration sources.
2018-08-08 12:43:56.434 [main] WARN  com.netflix.config.sources.URLConfigurationSource - No URLs will be polled as dynamic configuration sources.
2018-08-08 12:47:34.467 [http-nio-8888-exec-1] WARN  org.springframework.cloud.netflix.zuul.filters.route.support.AbstractRibbonCommand - The Hystrix timeout of 13000ms for the command micro-ancaiyun-admin-sso-service is set lower than the combination of the Ribbon read and connect timeout, 26000ms.
2018-08-08 12:47:56.484 [http-nio-8888-exec-2] WARN  org.springframework.cloud.netflix.zuul.filters.route.support.AbstractRibbonCommand - The Hystrix timeout of 13000ms for the command micro-ancaiyun-admin-sso-service is set lower than the combination of the Ribbon read and connect timeout, 26000ms.
2018-08-08 12:48:16.847 [http-nio-8888-exec-3] WARN  org.springframework.cloud.netflix.zuul.filters.route.support.AbstractRibbonCommand - The Hystrix timeout of 13000ms for the command micro-ancaiyun-admin-server is set lower than the combination of the Ribbon read and connect timeout, 26000ms.
2018-08-08 12:48:17.659 [http-nio-8888-exec-4] WARN  org.springframework.cloud.netflix.zuul.filters.route.support.AbstractRibbonCommand - The Hystrix timeout of 13000ms for the command micro-ancaiyun-admin-sso-service is set lower than the combination of the Ribbon read and connect timeout, 26000ms.
2018-08-08 12:48:23.648 [http-nio-8888-exec-5] WARN  org.springframework.cloud.netflix.zuul.filters.route.support.AbstractRibbonCommand - The Hystrix timeout of 13000ms for the command micro-ancaiyun-admin-server is set lower than the combination of the Ribbon read and connect timeout, 26000ms.
2018-08-08 12:48:23.686 [http-nio-8888-exec-7] WARN  org.springframework.cloud.netflix.zuul.filters.route.support.AbstractRibbonCommand - The Hystrix timeout of 13000ms for the command micro-ancaiyun-admin-sso-service is set lower than the combination of the Ribbon read and connect timeout, 26000ms.
2018-08-08 12:48:56.940 [http-nio-8888-exec-8] WARN  org.springframework.cloud.netflix.zuul.filters.route.support.AbstractRibbonCommand - The Hystrix timeout of 13000ms for the command micro-ancaiyun-admin-server is set lower than the combination of the Ribbon read and connect timeout, 26000ms.
2018-08-08 12:48:56.978 [http-nio-8888-exec-9] WARN  org.springframework.cloud.netflix.zuul.filters.route.support.AbstractRibbonCommand - The Hystrix timeout of 13000ms for the command micro-ancaiyun-admin-sso-service is set lower than the combination of the Ribbon read and connect timeout, 26000ms.
2018-08-08 12:48:59.955 [http-nio-8888-exec-10] WARN  org.springframework.cloud.netflix.zuul.filters.route.support.AbstractRibbonCommand - The Hystrix timeout of 13000ms for the command micro-ancaiyun-admin-server is set lower than the combination of the Ribbon read and connect timeout, 26000ms.
2018-08-08 12:49:00.009 [http-nio-8888-exec-1] WARN  org.springframework.cloud.netflix.zuul.filters.route.support.AbstractRibbonCommand - The Hystrix timeout of 13000ms for the command micro-ancaiyun-admin-sso-service is set lower than the combination of the Ribbon read and connect timeout, 26000ms.
2018-08-08 14:25:16.503 [http-nio-8888-exec-4] WARN  org.springframework.cloud.netflix.zuul.filters.route.support.AbstractRibbonCommand - The Hystrix timeout of 13000ms for the command micro-ancaiyun-admin-server is set lower than the combination of the Ribbon read and connect timeout, 26000ms.
2018-08-08 14:25:34.114 [http-nio-8888-exec-3] WARN  org.springframework.cloud.netflix.zuul.filters.route.support.AbstractRibbonCommand - The Hystrix timeout of 13000ms for the command micro-ancaiyun-admin-server is set lower than the combination of the Ribbon read and connect timeout, 26000ms.
2018-08-08 14:25:34.778 [http-nio-8888-exec-6] WARN  org.springframework.cloud.netflix.zuul.filters.route.support.AbstractRibbonCommand - The Hystrix timeout of 13000ms for the command micro-ancaiyun-admin-sso-service is set lower than the combination of the Ribbon read and connect timeout, 26000ms.
2018-08-08 14:25:39.635 [http-nio-8888-exec-7] WARN  org.springframework.cloud.netflix.zuul.filters.route.support.AbstractRibbonCommand - The Hystrix timeout of 13000ms for the command micro-ancaiyun-admin-server is set lower than the combination of the Ribbon read and connect timeout, 26000ms.
2018-08-08 14:25:39.668 [http-nio-8888-exec-5] WARN  org.springframework.cloud.netflix.zuul.filters.route.support.AbstractRibbonCommand - The Hystrix timeout of 13000ms for the command micro-ancaiyun-admin-sso-service is set lower than the combination of the Ribbon read and connect timeout, 26000ms.
2018-08-08 14:27:31.425 [http-nio-8888-exec-1] WARN  org.springframework.cloud.netflix.zuul.filters.route.support.AbstractRibbonCommand - The Hystrix timeout of 13000ms for the command micro-ancaiyun-admin-server is set lower than the combination of the Ribbon read and connect timeout, 26000ms.
2018-08-08 14:27:32.116 [http-nio-8888-exec-10] WARN  org.springframework.cloud.netflix.zuul.filters.route.support.AbstractRibbonCommand - The Hystrix timeout of 13000ms for the command micro-ancaiyun-admin-sso-service is set lower than the combination of the Ribbon read and connect timeout, 26000ms.
2018-08-08 14:28:44.437 [http-nio-8888-exec-6] WARN  org.springframework.cloud.netflix.zuul.filters.route.support.AbstractRibbonCommand - The Hystrix timeout of 13000ms for the command micro-ancaiyun-admin-server is set lower than the combination of the Ribbon read and connect timeout, 26000ms.
2018-08-08 14:28:45.136 [http-nio-8888-exec-3] WARN  org.springframework.cloud.netflix.zuul.filters.route.support.AbstractRibbonCommand - The Hystrix timeout of 13000ms for the command micro-ancaiyun-admin-sso-service is set lower than the combination of the Ribbon read and connect timeout, 26000ms.
2018-08-08 14:31:06.235 [http-nio-8888-exec-9] WARN  org.springframework.cloud.netflix.zuul.filters.route.support.AbstractRibbonCommand - The Hystrix timeout of 13000ms for the command micro-ancaiyun-admin-server is set lower than the combination of the Ribbon read and connect timeout, 26000ms.
2018-08-08 14:31:06.944 [http-nio-8888-exec-8] WARN  org.springframework.cloud.netflix.zuul.filters.route.support.AbstractRibbonCommand - The Hystrix timeout of 13000ms for the command micro-ancaiyun-admin-sso-service is set lower than the combination of the Ribbon read and connect timeout, 26000ms.
2018-08-08 14:32:08.933 [http-nio-8888-exec-2] WARN  org.springframework.cloud.netflix.zuul.filters.route.support.AbstractRibbonCommand - The Hystrix timeout of 13000ms for the command micro-ancaiyun-admin-server is set lower than the combination of the Ribbon read and connect timeout, 26000ms.
2018-08-08 14:32:14.064 [http-nio-8888-exec-4] WARN  org.springframework.cloud.netflix.zuul.filters.route.support.AbstractRibbonCommand - The Hystrix timeout of 13000ms for the command micro-ancaiyun-admin-server is set lower than the combination of the Ribbon read and connect timeout, 26000ms.
2018-08-08 14:32:20.279 [http-nio-8888-exec-3] WARN  org.springframework.cloud.netflix.zuul.filters.route.support.AbstractRibbonCommand - The Hystrix timeout of 13000ms for the command micro-ancaiyun-admin-server is set lower than the combination of the Ribbon read and connect timeout, 26000ms.
2018-08-08 14:32:21.027 [http-nio-8888-exec-6] WARN  org.springframework.cloud.netflix.zuul.filters.route.support.AbstractRibbonCommand - The Hystrix timeout of 13000ms for the command micro-ancaiyun-admin-sso-service is set lower than the combination of the Ribbon read and connect timeout, 26000ms.
2018-08-08 14:32:24.706 [http-nio-8888-exec-5] WARN  org.springframework.cloud.netflix.zuul.filters.route.support.AbstractRibbonCommand - The Hystrix timeout of 13000ms for the command micro-ancaiyun-admin-server is set lower than the combination of the Ribbon read and connect timeout, 26000ms.
2018-08-08 14:32:24.741 [http-nio-8888-exec-7] WARN  org.springframework.cloud.netflix.zuul.filters.route.support.AbstractRibbonCommand - The Hystrix timeout of 13000ms for the command micro-ancaiyun-admin-sso-service is set lower than the combination of the Ribbon read and connect timeout, 26000ms.
2018-08-08 14:32:54.302 [http-nio-8888-exec-8] WARN  org.springframework.cloud.netflix.zuul.filters.route.support.AbstractRibbonCommand - The Hystrix timeout of 13000ms for the command micro-ancaiyun-admin-server is set lower than the combination of the Ribbon read and connect timeout, 26000ms.
2018-08-08 14:33:17.941 [http-nio-8888-exec-9] WARN  org.springframework.cloud.netflix.zuul.filters.route.support.AbstractRibbonCommand - The Hystrix timeout of 13000ms for the command micro-ancaiyun-admin-server is set lower than the combination of the Ribbon read and connect timeout, 26000ms.
2018-08-08 14:33:17.975 [http-nio-8888-exec-10] WARN  org.springframework.cloud.netflix.zuul.filters.route.support.AbstractRibbonCommand - The Hystrix timeout of 13000ms for the command micro-ancaiyun-admin-sso-service is set lower than the combination of the Ribbon read and connect timeout, 26000ms.
2018-08-08 14:44:48.232 [http-nio-8888-exec-2] WARN  org.springframework.cloud.netflix.zuul.filters.route.support.AbstractRibbonCommand - The Hystrix timeout of 13000ms for the command micro-ancaiyun-admin-server is set lower than the combination of the Ribbon read and connect timeout, 26000ms.
2018-08-08 14:44:48.263 [http-nio-8888-exec-4] WARN  org.springframework.cloud.netflix.zuul.filters.route.support.AbstractRibbonCommand - The Hystrix timeout of 13000ms for the command micro-ancaiyun-admin-sso-service is set lower than the combination of the Ribbon read and connect timeout, 26000ms.
2018-08-08 14:58:37.688 [http-nio-8888-exec-3] WARN  org.springframework.cloud.netflix.zuul.filters.route.support.AbstractRibbonCommand - The Hystrix timeout of 13000ms for the command micro-ancaiyun-admin-server is set lower than the combination of the Ribbon read and connect timeout, 26000ms.
2018-08-08 14:58:38.364 [http-nio-8888-exec-7] WARN  org.springframework.cloud.netflix.zuul.filters.route.support.AbstractRibbonCommand - The Hystrix timeout of 13000ms for the command micro-ancaiyun-admin-sso-service is set lower than the combination of the Ribbon read and connect timeout, 26000ms.
2018-08-08 14:59:00.460 [http-nio-8888-exec-8] WARN  org.springframework.cloud.netflix.zuul.filters.route.support.AbstractRibbonCommand - The Hystrix timeout of 13000ms for the command micro-ancaiyun-admin-server is set lower than the combination of the Ribbon read and connect timeout, 26000ms.
2018-08-08 14:59:00.496 [http-nio-8888-exec-10] WARN  org.springframework.cloud.netflix.zuul.filters.route.support.AbstractRibbonCommand - The Hystrix timeout of 13000ms for the command micro-ancaiyun-admin-sso-service is set lower than the combination of the Ribbon read and connect timeout, 26000ms.
2018-08-08 14:59:25.092 [http-nio-8888-exec-1] WARN  org.springframework.cloud.netflix.zuul.filters.route.support.AbstractRibbonCommand - The Hystrix timeout of 13000ms for the command micro-ancaiyun-admin-server is set lower than the combination of the Ribbon read and connect timeout, 26000ms.
2018-08-08 14:59:30.219 [http-nio-8888-exec-4] WARN  org.springframework.cloud.netflix.zuul.filters.route.support.AbstractRibbonCommand - The Hystrix timeout of 13000ms for the command micro-ancaiyun-admin-server is set lower than the combination of the Ribbon read and connect timeout, 26000ms.
2018-08-08 14:59:30.254 [http-nio-8888-exec-2] WARN  org.springframework.cloud.netflix.zuul.filters.route.support.AbstractRibbonCommand - The Hystrix timeout of 13000ms for the command micro-ancaiyun-admin-sso-service is set lower than the combination of the Ribbon read and connect timeout, 26000ms.
2018-08-08 15:01:26.287 [http-nio-8888-exec-7] WARN  org.springframework.cloud.netflix.zuul.filters.route.support.AbstractRibbonCommand - The Hystrix timeout of 13000ms for the command micro-ancaiyun-admin-server is set lower than the combination of the Ribbon read and connect timeout, 26000ms.
2018-08-08 15:01:30.804 [http-nio-8888-exec-3] WARN  org.springframework.cloud.netflix.zuul.filters.route.support.AbstractRibbonCommand - The Hystrix timeout of 13000ms for the command micro-ancaiyun-admin-server is set lower than the combination of the Ribbon read and connect timeout, 26000ms.
2018-08-08 15:01:31.367 [http-nio-8888-exec-5] WARN  org.springframework.cloud.netflix.zuul.filters.route.support.AbstractRibbonCommand - The Hystrix timeout of 13000ms for the command micro-ancaiyun-admin-sso-service is set lower than the combination of the Ribbon read and connect timeout, 26000ms.
2018-08-08 15:01:35.658 [http-nio-8888-exec-10] WARN  org.springframework.cloud.netflix.zuul.filters.route.support.AbstractRibbonCommand - The Hystrix timeout of 13000ms for the command micro-ancaiyun-admin-server is set lower than the combination of the Ribbon read and connect timeout, 26000ms.
2018-08-08 15:01:35.691 [http-nio-8888-exec-8] WARN  org.springframework.cloud.netflix.zuul.filters.route.support.AbstractRibbonCommand - The Hystrix timeout of 13000ms for the command micro-ancaiyun-admin-sso-service is set lower than the combination of the Ribbon read and connect timeout, 26000ms.
2018-08-08 15:01:57.014 [http-nio-8888-exec-9] WARN  org.springframework.cloud.netflix.zuul.filters.route.support.AbstractRibbonCommand - The Hystrix timeout of 13000ms for the command micro-ancaiyun-admin-server is set lower than the combination of the Ribbon read and connect timeout, 26000ms.
2018-08-08 15:01:57.048 [http-nio-8888-exec-1] WARN  org.springframework.cloud.netflix.zuul.filters.route.support.AbstractRibbonCommand - The Hystrix timeout of 13000ms for the command micro-ancaiyun-admin-sso-service is set lower than the combination of the Ribbon read and connect timeout, 26000ms.
2018-08-08 15:02:00.628 [http-nio-8888-exec-2] WARN  org.springframework.cloud.netflix.zuul.filters.route.support.AbstractRibbonCommand - The Hystrix timeout of 13000ms for the command micro-ancaiyun-admin-server is set lower than the combination of the Ribbon read and connect timeout, 26000ms.
2018-08-08 15:02:00.665 [http-nio-8888-exec-4] WARN  org.springframework.cloud.netflix.zuul.filters.route.support.AbstractRibbonCommand - The Hystrix timeout of 13000ms for the command micro-ancaiyun-admin-sso-service is set lower than the combination of the Ribbon read and connect timeout, 26000ms.
2018-08-08 15:09:11.187 [http-nio-8888-exec-7] WARN  org.springframework.cloud.netflix.zuul.filters.route.support.AbstractRibbonCommand - The Hystrix timeout of 13000ms for the command micro-ancaiyun-admin-server is set lower than the combination of the Ribbon read and connect timeout, 26000ms.
2018-08-08 15:09:14.812 [http-nio-8888-exec-5] WARN  org.springframework.cloud.netflix.zuul.filters.route.support.AbstractRibbonCommand - The Hystrix timeout of 13000ms for the command micro-ancaiyun-admin-server is set lower than the combination of the Ribbon read and connect timeout, 26000ms.
2018-08-08 15:09:15.375 [http-nio-8888-exec-3] WARN  org.springframework.cloud.netflix.zuul.filters.route.support.AbstractRibbonCommand - The Hystrix timeout of 13000ms for the command micro-ancaiyun-admin-sso-service is set lower than the combination of the Ribbon read and connect timeout, 26000ms.
2018-08-08 15:09:40.588 [http-nio-8888-exec-10] WARN  org.springframework.cloud.netflix.zuul.filters.route.support.AbstractRibbonCommand - The Hystrix timeout of 13000ms for the command micro-ancaiyun-admin-server is set lower than the combination of the Ribbon read and connect timeout, 26000ms.
2018-08-08 15:09:40.620 [http-nio-8888-exec-1] WARN  org.springframework.cloud.netflix.zuul.filters.route.support.AbstractRibbonCommand - The Hystrix timeout of 13000ms for the command micro-ancaiyun-admin-sso-service is set lower than the combination of the Ribbon read and connect timeout, 26000ms.
2018-08-08 15:09:45.436 [http-nio-8888-exec-9] WARN  org.springframework.cloud.netflix.zuul.filters.route.support.AbstractRibbonCommand - The Hystrix timeout of 13000ms for the command micro-ancaiyun-admin-server is set lower than the combination of the Ribbon read and connect timeout, 26000ms.
2018-08-08 15:09:49.342 [http-nio-8888-exec-4] WARN  org.springframework.cloud.netflix.zuul.filters.route.support.AbstractRibbonCommand - The Hystrix timeout of 13000ms for the command micro-ancaiyun-admin-server is set lower than the combination of the Ribbon read and connect timeout, 26000ms.
2018-08-08 15:09:49.372 [http-nio-8888-exec-2] WARN  org.springframework.cloud.netflix.zuul.filters.route.support.AbstractRibbonCommand - The Hystrix timeout of 13000ms for the command micro-ancaiyun-admin-sso-service is set lower than the combination of the Ribbon read and connect timeout, 26000ms.
2018-08-08 15:13:08.500 [http-nio-8888-exec-7] WARN  org.springframework.cloud.netflix.zuul.filters.route.support.AbstractRibbonCommand - The Hystrix timeout of 13000ms for the command micro-ancaiyun-admin-server is set lower than the combination of the Ribbon read and connect timeout, 26000ms.
2018-08-08 15:13:25.752 [http-nio-8888-exec-3] WARN  org.springframework.cloud.netflix.zuul.filters.route.support.AbstractRibbonCommand - The Hystrix timeout of 13000ms for the command micro-ancaiyun-admin-server is set lower than the combination of the Ribbon read and connect timeout, 26000ms.
2018-08-08 15:13:26.309 [http-nio-8888-exec-5] WARN  org.springframework.cloud.netflix.zuul.filters.route.support.AbstractRibbonCommand - The Hystrix timeout of 13000ms for the command micro-ancaiyun-admin-sso-service is set lower than the combination of the Ribbon read and connect timeout, 26000ms.
2018-08-08 15:16:43.326 [http-nio-8888-exec-10] WARN  org.springframework.cloud.netflix.zuul.filters.route.support.AbstractRibbonCommand - The Hystrix timeout of 13000ms for the command micro-ancaiyun-admin-server is set lower than the combination of the Ribbon read and connect timeout, 26000ms.
2018-08-08 15:16:43.374 [http-nio-8888-exec-9] WARN  org.springframework.cloud.netflix.zuul.filters.route.support.AbstractRibbonCommand - The Hystrix timeout of 13000ms for the command micro-ancaiyun-admin-sso-service is set lower than the combination of the Ribbon read and connect timeout, 26000ms.
2018-08-08 15:16:44.290 [http-nio-8888-exec-2] WARN  org.springframework.cloud.netflix.zuul.filters.route.support.AbstractRibbonCommand - The Hystrix timeout of 13000ms for the command micro-ancaiyun-admin-server is set lower than the combination of the Ribbon read and connect timeout, 26000ms.
2018-08-08 15:16:44.331 [http-nio-8888-exec-4] WARN  org.springframework.cloud.netflix.zuul.filters.route.support.AbstractRibbonCommand - The Hystrix timeout of 13000ms for the command micro-ancaiyun-admin-sso-service is set lower than the combination of the Ribbon read and connect timeout, 26000ms.
2018-08-08 15:16:45.880 [http-nio-8888-exec-6] WARN  org.springframework.cloud.netflix.zuul.filters.route.support.AbstractRibbonCommand - The Hystrix timeout of 13000ms for the command micro-ancaiyun-admin-server is set lower than the combination of the Ribbon read and connect timeout, 26000ms.
2018-08-08 15:16:45.909 [http-nio-8888-exec-7] WARN  org.springframework.cloud.netflix.zuul.filters.route.support.AbstractRibbonCommand - The Hystrix timeout of 13000ms for the command micro-ancaiyun-admin-sso-service is set lower than the combination of the Ribbon read and connect timeout, 26000ms.
2018-08-08 15:16:47.524 [http-nio-8888-exec-5] WARN  org.springframework.cloud.netflix.zuul.filters.route.support.AbstractRibbonCommand - The Hystrix timeout of 13000ms for the command micro-ancaiyun-admin-server is set lower than the combination of the Ribbon read and connect timeout, 26000ms.
2018-08-08 15:16:47.561 [http-nio-8888-exec-3] WARN  org.springframework.cloud.netflix.zuul.filters.route.support.AbstractRibbonCommand - The Hystrix timeout of 13000ms for the command micro-ancaiyun-admin-sso-service is set lower than the combination of the Ribbon read and connect timeout, 26000ms.
2018-08-08 15:16:47.825 [http-nio-8888-exec-8] WARN  org.springframework.cloud.netflix.zuul.filters.route.support.AbstractRibbonCommand - The Hystrix timeout of 13000ms for the command micro-ancaiyun-admin-server is set lower than the combination of the Ribbon read and connect timeout, 26000ms.
2018-08-08 15:16:47.861 [http-nio-8888-exec-1] WARN  org.springframework.cloud.netflix.zuul.filters.route.support.AbstractRibbonCommand - The Hystrix timeout of 13000ms for the command micro-ancaiyun-admin-sso-service is set lower than the combination of the Ribbon read and connect timeout, 26000ms.
2018-08-08 15:16:58.233 [http-nio-8888-exec-9] WARN  org.springframework.cloud.netflix.zuul.filters.route.support.AbstractRibbonCommand - The Hystrix timeout of 13000ms for the command micro-ancaiyun-admin-server is set lower than the combination of the Ribbon read and connect timeout, 26000ms.
2018-08-08 15:16:58.268 [http-nio-8888-exec-10] WARN  org.springframework.cloud.netflix.zuul.filters.route.support.AbstractRibbonCommand - The Hystrix timeout of 13000ms for the command micro-ancaiyun-admin-sso-service is set lower than the combination of the Ribbon read and connect timeout, 26000ms.
2018-08-08 15:17:02.794 [http-nio-8888-exec-4] WARN  org.springframework.cloud.netflix.zuul.filters.route.support.AbstractRibbonCommand - The Hystrix timeout of 13000ms for the command micro-ancaiyun-admin-server is set lower than the combination of the Ribbon read and connect timeout, 26000ms.
2018-08-08 15:17:02.834 [http-nio-8888-exec-2] WARN  org.springframework.cloud.netflix.zuul.filters.route.support.AbstractRibbonCommand - The Hystrix timeout of 13000ms for the command micro-ancaiyun-admin-sso-service is set lower than the combination of the Ribbon read and connect timeout, 26000ms.
2018-08-08 15:17:07.038 [http-nio-8888-exec-7] WARN  org.springframework.cloud.netflix.zuul.filters.route.support.AbstractRibbonCommand - The Hystrix timeout of 13000ms for the command micro-ancaiyun-admin-server is set lower than the combination of the Ribbon read and connect timeout, 26000ms.
2018-08-08 15:17:07.071 [http-nio-8888-exec-6] WARN  org.springframework.cloud.netflix.zuul.filters.route.support.AbstractRibbonCommand - The Hystrix timeout of 13000ms for the command micro-ancaiyun-admin-sso-service is set lower than the combination of the Ribbon read and connect timeout, 26000ms.
2018-08-08 15:17:10.343 [http-nio-8888-exec-3] WARN  org.springframework.cloud.netflix.zuul.filters.route.support.AbstractRibbonCommand - The Hystrix timeout of 13000ms for the command micro-ancaiyun-admin-server is set lower than the combination of the Ribbon read and connect timeout, 26000ms.
2018-08-08 15:17:10.373 [http-nio-8888-exec-5] WARN  org.springframework.cloud.netflix.zuul.filters.route.support.AbstractRibbonCommand - The Hystrix timeout of 13000ms for the command micro-ancaiyun-admin-sso-service is set lower than the combination of the Ribbon read and connect timeout, 26000ms.
2018-08-08 15:18:25.436 [http-nio-8888-exec-1] WARN  org.springframework.cloud.netflix.zuul.filters.route.support.AbstractRibbonCommand - The Hystrix timeout of 13000ms for the command micro-ancaiyun-admin-server is set lower than the combination of the Ribbon read and connect timeout, 26000ms.
2018-08-08 15:18:25.479 [http-nio-8888-exec-8] WARN  org.springframework.cloud.netflix.zuul.filters.route.support.AbstractRibbonCommand - The Hystrix timeout of 13000ms for the command micro-ancaiyun-admin-sso-service is set lower than the combination of the Ribbon read and connect timeout, 26000ms.
2018-08-08 15:21:35.366 [http-nio-8888-exec-10] WARN  org.springframework.cloud.netflix.zuul.filters.route.support.AbstractRibbonCommand - The Hystrix timeout of 13000ms for the command micro-ancaiyun-admin-server is set lower than the combination of the Ribbon read and connect timeout, 26000ms.
2018-08-08 15:21:35.408 [http-nio-8888-exec-9] WARN  org.springframework.cloud.netflix.zuul.filters.route.support.AbstractRibbonCommand - The Hystrix timeout of 13000ms for the command micro-ancaiyun-admin-sso-service is set lower than the combination of the Ribbon read and connect timeout, 26000ms.
2018-08-08 15:21:38.257 [http-nio-8888-exec-2] WARN  org.springframework.cloud.netflix.zuul.filters.route.support.AbstractRibbonCommand - The Hystrix timeout of 13000ms for the command micro-ancaiyun-admin-server is set lower than the combination of the Ribbon read and connect timeout, 26000ms.
2018-08-08 15:21:38.263 [http-nio-8888-exec-4] WARN  org.springframework.cloud.netflix.zuul.filters.route.support.AbstractRibbonCommand - The Hystrix timeout of 13000ms for the command micro-ancaiyun-admin-server is set lower than the combination of the Ribbon read and connect timeout, 26000ms.
2018-08-08 15:21:38.280 [http-nio-8888-exec-6] WARN  org.springframework.cloud.netflix.zuul.filters.route.support.AbstractRibbonCommand - The Hystrix timeout of 13000ms for the command micro-ancaiyun-admin-sso-service is set lower than the combination of the Ribbon read and connect timeout, 26000ms.
2018-08-08 15:21:38.293 [http-nio-8888-exec-7] WARN  org.springframework.cloud.netflix.zuul.filters.route.support.AbstractRibbonCommand - The Hystrix timeout of 13000ms for the command micro-ancaiyun-admin-sso-service is set lower than the combination of the Ribbon read and connect timeout, 26000ms.
2018-08-08 15:21:39.976 [http-nio-8888-exec-3] WARN  org.springframework.cloud.netflix.zuul.filters.route.support.AbstractRibbonCommand - The Hystrix timeout of 13000ms for the command micro-ancaiyun-admin-server is set lower than the combination of the Ribbon read and connect timeout, 26000ms.
2018-08-08 15:21:39.976 [http-nio-8888-exec-5] WARN  org.springframework.cloud.netflix.zuul.filters.route.support.AbstractRibbonCommand - The Hystrix timeout of 13000ms for the command micro-ancaiyun-admin-server is set lower than the combination of the Ribbon read and connect timeout, 26000ms.
2018-08-08 15:21:40.005 [http-nio-8888-exec-8] WARN  org.springframework.cloud.netflix.zuul.filters.route.support.AbstractRibbonCommand - The Hystrix timeout of 13000ms for the command micro-ancaiyun-admin-sso-service is set lower than the combination of the Ribbon read and connect timeout, 26000ms.
2018-08-08 15:21:40.010 [http-nio-8888-exec-1] WARN  org.springframework.cloud.netflix.zuul.filters.route.support.AbstractRibbonCommand - The Hystrix timeout of 13000ms for the command micro-ancaiyun-admin-sso-service is set lower than the combination of the Ribbon read and connect timeout, 26000ms.
2018-08-08 15:21:42.040 [http-nio-8888-exec-9] WARN  org.springframework.cloud.netflix.zuul.filters.route.support.AbstractRibbonCommand - The Hystrix timeout of 13000ms for the command micro-ancaiyun-admin-server is set lower than the combination of the Ribbon read and connect timeout, 26000ms.
2018-08-08 15:21:42.070 [http-nio-8888-exec-10] WARN  org.springframework.cloud.netflix.zuul.filters.route.support.AbstractRibbonCommand - The Hystrix timeout of 13000ms for the command micro-ancaiyun-admin-sso-service is set lower than the combination of the Ribbon read and connect timeout, 26000ms.
2018-08-08 15:21:42.334 [http-nio-8888-exec-7] WARN  org.springframework.cloud.netflix.zuul.filters.route.support.AbstractRibbonCommand - The Hystrix timeout of 13000ms for the command micro-ancaiyun-admin-server is set lower than the combination of the Ribbon read and connect timeout, 26000ms.
2018-08-08 15:21:42.361 [http-nio-8888-exec-6] WARN  org.springframework.cloud.netflix.zuul.filters.route.support.AbstractRibbonCommand - The Hystrix timeout of 13000ms for the command micro-ancaiyun-admin-sso-service is set lower than the combination of the Ribbon read and connect timeout, 26000ms.
2018-08-08 15:21:43.961 [http-nio-8888-exec-4] WARN  org.springframework.cloud.netflix.zuul.filters.route.support.AbstractRibbonCommand - The Hystrix timeout of 13000ms for the command micro-ancaiyun-admin-server is set lower than the combination of the Ribbon read and connect timeout, 26000ms.
2018-08-08 15:21:43.961 [http-nio-8888-exec-2] WARN  org.springframework.cloud.netflix.zuul.filters.route.support.AbstractRibbonCommand - The Hystrix timeout of 13000ms for the command micro-ancaiyun-admin-server is set lower than the combination of the Ribbon read and connect timeout, 26000ms.
2018-08-08 15:21:43.993 [http-nio-8888-exec-8] WARN  org.springframework.cloud.netflix.zuul.filters.route.support.AbstractRibbonCommand - The Hystrix timeout of 13000ms for the command micro-ancaiyun-admin-sso-service is set lower than the combination of the Ribbon read and connect timeout, 26000ms.
2018-08-08 15:21:43.995 [http-nio-8888-exec-1] WARN  org.springframework.cloud.netflix.zuul.filters.route.support.AbstractRibbonCommand - The Hystrix timeout of 13000ms for the command micro-ancaiyun-admin-sso-service is set lower than the combination of the Ribbon read and connect timeout, 26000ms.
2018-08-08 15:21:46.494 [http-nio-8888-exec-3] WARN  org.springframework.cloud.netflix.zuul.filters.route.support.AbstractRibbonCommand - The Hystrix timeout of 13000ms for the command micro-ancaiyun-admin-server is set lower than the combination of the Ribbon read and connect timeout, 26000ms.
2018-08-08 15:21:46.527 [http-nio-8888-exec-5] WARN  org.springframework.cloud.netflix.zuul.filters.route.support.AbstractRibbonCommand - The Hystrix timeout of 13000ms for the command micro-ancaiyun-admin-sso-service is set lower than the combination of the Ribbon read and connect timeout, 26000ms.
2018-08-08 15:21:46.806 [http-nio-8888-exec-10] WARN  org.springframework.cloud.netflix.zuul.filters.route.support.AbstractRibbonCommand - The Hystrix timeout of 13000ms for the command micro-ancaiyun-admin-server is set lower than the combination of the Ribbon read and connect timeout, 26000ms.
2018-08-08 15:21:46.842 [http-nio-8888-exec-9] WARN  org.springframework.cloud.netflix.zuul.filters.route.support.AbstractRibbonCommand - The Hystrix timeout of 13000ms for the command micro-ancaiyun-admin-sso-service is set lower than the combination of the Ribbon read and connect timeout, 26000ms.
2018-08-08 15:21:50.682 [http-nio-8888-exec-6] WARN  org.springframework.cloud.netflix.zuul.filters.route.support.AbstractRibbonCommand - The Hystrix timeout of 13000ms for the command micro-ancaiyun-admin-server is set lower than the combination of the Ribbon read and connect timeout, 26000ms.
2018-08-08 15:21:50.721 [http-nio-8888-exec-7] WARN  org.springframework.cloud.netflix.zuul.filters.route.support.AbstractRibbonCommand - The Hystrix timeout of 13000ms for the command micro-ancaiyun-admin-sso-service is set lower than the combination of the Ribbon read and connect timeout, 26000ms.
2018-08-08 15:21:52.869 [http-nio-8888-exec-8] WARN  org.springframework.cloud.netflix.zuul.filters.route.support.AbstractRibbonCommand - The Hystrix timeout of 13000ms for the command micro-ancaiyun-admin-server is set lower than the combination of the Ribbon read and connect timeout, 26000ms.
2018-08-08 15:21:52.906 [http-nio-8888-exec-1] WARN  org.springframework.cloud.netflix.zuul.filters.route.support.AbstractRibbonCommand - The Hystrix timeout of 13000ms for the command micro-ancaiyun-admin-sso-service is set lower than the combination of the Ribbon read and connect timeout, 26000ms.
2018-08-08 15:21:53.171 [http-nio-8888-exec-2] WARN  org.springframework.cloud.netflix.zuul.filters.route.support.AbstractRibbonCommand - The Hystrix timeout of 13000ms for the command micro-ancaiyun-admin-server is set lower than the combination of the Ribbon read and connect timeout, 26000ms.
2018-08-08 15:21:53.201 [http-nio-8888-exec-4] WARN  org.springframework.cloud.netflix.zuul.filters.route.support.AbstractRibbonCommand - The Hystrix timeout of 13000ms for the command micro-ancaiyun-admin-sso-service is set lower than the combination of the Ribbon read and connect timeout, 26000ms.
2018-08-08 15:21:56.252 [http-nio-8888-exec-5] WARN  org.springframework.cloud.netflix.zuul.filters.route.support.AbstractRibbonCommand - The Hystrix timeout of 13000ms for the command micro-ancaiyun-admin-server is set lower than the combination of the Ribbon read and connect timeout, 26000ms.
2018-08-08 15:21:56.255 [http-nio-8888-exec-3] WARN  org.springframework.cloud.netflix.zuul.filters.route.support.AbstractRibbonCommand - The Hystrix timeout of 13000ms for the command micro-ancaiyun-admin-server is set lower than the combination of the Ribbon read and connect timeout, 26000ms.
2018-08-08 15:21:56.286 [http-nio-8888-exec-9] WARN  org.springframework.cloud.netflix.zuul.filters.route.support.AbstractRibbonCommand - The Hystrix timeout of 13000ms for the command micro-ancaiyun-admin-sso-service is set lower than the combination of the Ribbon read and connect timeout, 26000ms.
2018-08-08 15:21:56.287 [http-nio-8888-exec-10] WARN  org.springframework.cloud.netflix.zuul.filters.route.support.AbstractRibbonCommand - The Hystrix timeout of 13000ms for the command micro-ancaiyun-admin-sso-service is set lower than the combination of the Ribbon read and connect timeout, 26000ms.
2018-08-08 15:22:01.221 [http-nio-8888-exec-7] WARN  org.springframework.cloud.netflix.zuul.filters.route.support.AbstractRibbonCommand - The Hystrix timeout of 13000ms for the command micro-ancaiyun-admin-server is set lower than the combination of the Ribbon read and connect timeout, 26000ms.
2018-08-08 15:22:01.254 [http-nio-8888-exec-6] WARN  org.springframework.cloud.netflix.zuul.filters.route.support.AbstractRibbonCommand - The Hystrix timeout of 13000ms for the command micro-ancaiyun-admin-sso-service is set lower than the combination of the Ribbon read and connect timeout, 26000ms.
2018-08-08 15:22:01.524 [http-nio-8888-exec-1] WARN  org.springframework.cloud.netflix.zuul.filters.route.support.AbstractRibbonCommand - The Hystrix timeout of 13000ms for the command micro-ancaiyun-admin-server is set lower than the combination of the Ribbon read and connect timeout, 26000ms.
2018-08-08 15:22:01.560 [http-nio-8888-exec-8] WARN  org.springframework.cloud.netflix.zuul.filters.route.support.AbstractRibbonCommand - The Hystrix timeout of 13000ms for the command micro-ancaiyun-admin-sso-service is set lower than the combination of the Ribbon read and connect timeout, 26000ms.
2018-08-08 15:22:04.369 [http-nio-8888-exec-4] WARN  org.springframework.cloud.netflix.zuul.filters.route.support.AbstractRibbonCommand - The Hystrix timeout of 13000ms for the command micro-ancaiyun-admin-server is set lower than the combination of the Ribbon read and connect timeout, 26000ms.
2018-08-08 15:22:04.369 [http-nio-8888-exec-2] WARN  org.springframework.cloud.netflix.zuul.filters.route.support.AbstractRibbonCommand - The Hystrix timeout of 13000ms for the command micro-ancaiyun-admin-server is set lower than the combination of the Ribbon read and connect timeout, 26000ms.
2018-08-08 15:22:04.399 [http-nio-8888-exec-10] WARN  org.springframework.cloud.netflix.zuul.filters.route.support.AbstractRibbonCommand - The Hystrix timeout of 13000ms for the command micro-ancaiyun-admin-sso-service is set lower than the combination of the Ribbon read and connect timeout, 26000ms.
2018-08-08 15:22:04.401 [http-nio-8888-exec-9] WARN  org.springframework.cloud.netflix.zuul.filters.route.support.AbstractRibbonCommand - The Hystrix timeout of 13000ms for the command micro-ancaiyun-admin-sso-service is set lower than the combination of the Ribbon read and connect timeout, 26000ms.
2018-08-08 15:22:35.584 [http-nio-8888-exec-6] WARN  org.springframework.cloud.netflix.zuul.filters.route.support.AbstractRibbonCommand - The Hystrix timeout of 13000ms for the command micro-ancaiyun-admin-server is set lower than the combination of the Ribbon read and connect timeout, 26000ms.
2018-08-08 15:22:35.584 [http-nio-8888-exec-3] WARN  org.springframework.cloud.netflix.zuul.filters.route.support.AbstractRibbonCommand - The Hystrix timeout of 13000ms for the command micro-ancaiyun-admin-server is set lower than the combination of the Ribbon read and connect timeout, 26000ms.
2018-08-08 15:22:35.637 [http-nio-8888-exec-8] WARN  org.springframework.cloud.netflix.zuul.filters.route.support.AbstractRibbonCommand - The Hystrix timeout of 13000ms for the command micro-ancaiyun-admin-sso-service is set lower than the combination of the Ribbon read and connect timeout, 26000ms.
2018-08-08 15:22:35.637 [http-nio-8888-exec-7] WARN  org.springframework.cloud.netflix.zuul.filters.route.support.AbstractRibbonCommand - The Hystrix timeout of 13000ms for the command micro-ancaiyun-admin-sso-service is set lower than the combination of the Ribbon read and connect timeout, 26000ms.
2018-08-08 15:22:43.022 [http-nio-8888-exec-1] WARN  org.springframework.cloud.netflix.zuul.filters.route.support.AbstractRibbonCommand - The Hystrix timeout of 13000ms for the command micro-ancaiyun-admin-server is set lower than the combination of the Ribbon read and connect timeout, 26000ms.
2018-08-08 15:22:43.055 [http-nio-8888-exec-10] WARN  org.springframework.cloud.netflix.zuul.filters.route.support.AbstractRibbonCommand - The Hystrix timeout of 13000ms for the command micro-ancaiyun-admin-sso-service is set lower than the combination of the Ribbon read and connect timeout, 26000ms.
2018-08-08 15:22:44.259 [http-nio-8888-exec-9] WARN  org.springframework.cloud.netflix.zuul.filters.route.support.AbstractRibbonCommand - The Hystrix timeout of 13000ms for the command micro-ancaiyun-admin-server is set lower than the combination of the Ribbon read and connect timeout, 26000ms.
2018-08-08 15:22:44.286 [http-nio-8888-exec-4] WARN  org.springframework.cloud.netflix.zuul.filters.route.support.AbstractRibbonCommand - The Hystrix timeout of 13000ms for the command micro-ancaiyun-admin-sso-service is set lower than the combination of the Ribbon read and connect timeout, 26000ms.
2018-08-08 15:26:15.764 [http-nio-8888-exec-2] WARN  org.springframework.cloud.netflix.zuul.filters.route.support.AbstractRibbonCommand - The Hystrix timeout of 13000ms for the command micro-ancaiyun-admin-server is set lower than the combination of the Ribbon read and connect timeout, 26000ms.
2018-08-08 15:26:16.511 [http-nio-8888-exec-5] WARN  org.springframework.cloud.netflix.zuul.filters.route.support.AbstractRibbonCommand - The Hystrix timeout of 13000ms for the command micro-ancaiyun-admin-sso-service is set lower than the combination of the Ribbon read and connect timeout, 26000ms.
2018-08-08 15:26:21.964 [http-nio-8888-exec-7] WARN  org.springframework.cloud.netflix.zuul.filters.route.support.AbstractRibbonCommand - The Hystrix timeout of 13000ms for the command micro-ancaiyun-admin-server is set lower than the combination of the Ribbon read and connect timeout, 26000ms.
2018-08-08 15:26:32.119 [http-nio-8888-exec-6] WARN  org.springframework.cloud.netflix.zuul.filters.route.support.AbstractRibbonCommand - The Hystrix timeout of 13000ms for the command micro-ancaiyun-admin-server is set lower than the combination of the Ribbon read and connect timeout, 26000ms.
2018-08-08 15:26:32.152 [http-nio-8888-exec-3] WARN  org.springframework.cloud.netflix.zuul.filters.route.support.AbstractRibbonCommand - The Hystrix timeout of 13000ms for the command micro-ancaiyun-admin-sso-service is set lower than the combination of the Ribbon read and connect timeout, 26000ms.
2018-08-08 16:05:13.307 [http-nio-8888-exec-4] WARN  org.springframework.cloud.netflix.zuul.filters.route.support.AbstractRibbonCommand - The Hystrix timeout of 13000ms for the command micro-ancaiyun-sso-server is set lower than the combination of the Ribbon read and connect timeout, 26000ms.
2018-08-08 16:05:56.436 [http-nio-8888-exec-9] WARN  org.springframework.cloud.netflix.zuul.filters.route.support.AbstractRibbonCommand - The Hystrix timeout of 13000ms for the command micro-ancaiyun-member-server is set lower than the combination of the Ribbon read and connect timeout, 26000ms.
2018-08-08 16:05:57.152 [http-nio-8888-exec-5] WARN  org.springframework.cloud.netflix.zuul.filters.route.support.AbstractRibbonCommand - The Hystrix timeout of 13000ms for the command micro-ancaiyun-sso-server is set lower than the combination of the Ribbon read and connect timeout, 26000ms.
2018-08-08 16:06:16.992 [http-nio-8888-exec-7] WARN  org.springframework.cloud.netflix.zuul.filters.route.support.AbstractRibbonCommand - The Hystrix timeout of 13000ms for the command micro-ancaiyun-member-server is set lower than the combination of the Ribbon read and connect timeout, 26000ms.
2018-08-08 16:06:17.095 [http-nio-8888-exec-8] WARN  org.springframework.cloud.netflix.zuul.filters.route.support.AbstractRibbonCommand - The Hystrix timeout of 13000ms for the command micro-ancaiyun-sso-server is set lower than the combination of the Ribbon read and connect timeout, 26000ms.
2018-08-08 22:12:37.171 [http-nio-8888-exec-6] WARN  org.springframework.cloud.netflix.zuul.filters.route.support.AbstractRibbonCommand - The Hystrix timeout of 13000ms for the command micro-ancaiyun-material-server is set lower than the combination of the Ribbon read and connect timeout, 26000ms.
2018-08-08 22:15:42.303 [http-nio-8888-exec-1] WARN  org.springframework.cloud.netflix.zuul.filters.route.support.AbstractRibbonCommand - The Hystrix timeout of 13000ms for the command micro-ancaiyun-material-server is set lower than the combination of the Ribbon read and connect timeout, 26000ms.
2018-08-08 22:19:05.438 [http-nio-8888-exec-5] WARN  org.springframework.cloud.netflix.zuul.filters.route.support.AbstractRibbonCommand - The Hystrix timeout of 13000ms for the command micro-ancaiyun-material-server is set lower than the combination of the Ribbon read and connect timeout, 26000ms.
